[debug] [2022-12-21T13:20:21.043Z] ----------------------------------------------------------------------
[debug] [2022-12-21T13:20:21.709Z] Command:       C:\Program Files\nodejs\node.exe C:\Users\USER\AppData\Roaming\npm\node_modules\firebase-tools\lib\bin\firebase.js emulators:start
[debug] [2022-12-21T13:20:21.711Z] CLI Version:   11.17.0
[debug] [2022-12-21T13:20:21.711Z] Platform:      win32
[debug] [2022-12-21T13:20:21.712Z] Node Version:  v19.1.0
[debug] [2022-12-21T13:20:21.717Z] Time:          Wed Dec 21 2022 18:50:21 GMT+0530 (India Standard Time)
[debug] [2022-12-21T13:20:21.718Z] ----------------------------------------------------------------------
[debug] 
[debug] [2022-12-21T13:20:23.294Z] > command requires scopes: ["email","openid","https://www.googleapis.com/auth/cloudplatformprojects.readonly","https://www.googleapis.com/auth/firebase","https://www.googleapis.com/auth/cloud-platform"]
[debug] [2022-12-21T13:20:23.295Z] > authorizing via signed-in user (baduntobi2020@gmail.com)
[info] i  emulators: Starting emulators: functions, hosting {"metadata":{"emulator":{"name":"hub"},"message":"Starting emulators: functions, hosting"}}
[debug] [2022-12-21T13:20:23.809Z] [logging] Logging Emulator only supports listening on one address (127.0.0.1). Not listening on ::1
[debug] [2022-12-21T13:20:23.810Z] [hosting] Hosting Emulator only supports listening on one address (127.0.0.1). Not listening on ::1
[debug] [2022-12-21T13:20:23.811Z] assigned listening specs for emulators {"user":{"hub":[{"address":"127.0.0.1","family":"IPv4","port":4400},{"address":"::1","family":"IPv6","port":4400}],"ui":[{"address":"127.0.0.1","family":"IPv4","port":4000},{"address":"::1","family":"IPv6","port":4000}],"logging":[{"address":"127.0.0.1","family":"IPv4","port":4500}],"hosting":[{"address":"127.0.0.1","family":"IPv4","port":5000}]},"metadata":{"message":"assigned listening specs for emulators"}}
[debug] [2022-12-21T13:20:23.859Z] [hub] writing locator at C:\Users\USER\AppData\Local\Temp\hub-base-81589.json
[warn] !  functions: Functions Emulator unable to start on port 4000, starting on 4001 instead. {"metadata":{"emulator":{"name":"functions"},"message":"Functions Emulator unable to start on port 4000, starting on 4001 instead."}}
[debug] [2022-12-21T13:20:26.657Z] [functions] Functions Emulator only supports listening on one address (127.0.0.1). Not listening on ::1
[debug] [2022-12-21T13:20:26.659Z] [eventarc] Eventarc Emulator only supports listening on one address (127.0.0.1). Not listening on ::1
[debug] [2022-12-21T13:20:26.660Z] late-assigned ports for functions and eventarc emulators {"user":{"hub":[{"address":"127.0.0.1","family":"IPv4","port":4400},{"address":"::1","family":"IPv6","port":4400}],"ui":[{"address":"127.0.0.1","family":"IPv4","port":4000},{"address":"::1","family":"IPv6","port":4000}],"logging":[{"address":"127.0.0.1","family":"IPv4","port":4500}],"hosting":[{"address":"127.0.0.1","family":"IPv4","port":5000}],"functions":[{"address":"127.0.0.1","family":"IPv4","port":4001}],"eventarc":[{"address":"127.0.0.1","family":"IPv4","port":9299}]},"metadata":{"message":"late-assigned ports for functions and eventarc emulators"}}
[warn] !  functions: The following emulators are not running, calls to these services from the Functions emulator will affect production: auth, firestore, database, pubsub, storage {"metadata":{"emulator":{"name":"functions"},"message":"The following emulators are not running, calls to these services from the Functions emulator will affect production: \u001b[1mauth, firestore, database, pubsub, storage\u001b[22m"}}
[warn] !  Your requested "node" version "16" doesn't match your global version "19". Using node@19 from host. {"metadata":{"emulator":{"name":"functions"},"message":"Your requested \"node\" version \"16\" doesn't match your global version \"19\". Using node@19 from host."}}
[debug] [2022-12-21T13:20:32.560Z] defaultcredentials: writing to file C:\Users\USER\AppData\Roaming\firebase\baduntobi2020_gmail_com_application_default_credentials.json
[debug] [2022-12-21T13:20:32.568Z] Setting GAC to C:\Users\USER\AppData\Roaming\firebase\baduntobi2020_gmail_com_application_default_credentials.json {"metadata":{"emulator":{"name":"functions"},"message":"Setting GAC to C:\\Users\\USER\\AppData\\Roaming\\firebase\\baduntobi2020_gmail_com_application_default_credentials.json"}}
[debug] [2022-12-21T13:20:32.572Z] > refreshing access token with scopes: []
[debug] [2022-12-21T13:20:32.578Z] >>> [apiv2][query] POST https://www.googleapis.com/oauth2/v3/token [none]
[debug] [2022-12-21T13:20:32.579Z] >>> [apiv2][body] POST https://www.googleapis.com/oauth2/v3/token [omitted]
[debug] [2022-12-21T13:20:33.445Z] <<< [apiv2][status] POST https://www.googleapis.com/oauth2/v3/token 200
[debug] [2022-12-21T13:20:33.446Z] <<< [apiv2][body] POST https://www.googleapis.com/oauth2/v3/token [omitted]
[debug] [2022-12-21T13:20:34.200Z] >>> [apiv2][query] GET https://firebase.googleapis.com/v1beta1/projects/base-81589/adminSdkConfig [none]
[debug] [2022-12-21T13:20:35.140Z] <<< [apiv2][status] GET https://firebase.googleapis.com/v1beta1/projects/base-81589/adminSdkConfig 200
[debug] [2022-12-21T13:20:35.141Z] <<< [apiv2][body] GET https://firebase.googleapis.com/v1beta1/projects/base-81589/adminSdkConfig {"projectId":"base-81589","storageBucket":"base-81589.appspot.com"}
[debug] [2022-12-21T13:20:35.602Z] >>> [apiv2][query] GET https://firebasehosting.googleapis.com/v1beta1/projects/base-81589/sites 
[debug] [2022-12-21T13:20:38.282Z] <<< [apiv2][status] GET https://firebasehosting.googleapis.com/v1beta1/projects/base-81589/sites 200
[debug] [2022-12-21T13:20:38.282Z] <<< [apiv2][body] GET https://firebasehosting.googleapis.com/v1beta1/projects/base-81589/sites {"sites":[{"name":"projects/base-81589/sites/base-81589","defaultUrl":"https://base-81589.web.app","appId":"1:776307597022:web:3481920f36972e78d8ac4f","type":"DEFAULT_SITE"}]}
[debug] [2022-12-21T13:20:38.283Z] >>> [apiv2][query] GET https://firebase.googleapis.com/v1beta1/projects/base-81589/webApps/1:776307597022:web:3481920f36972e78d8ac4f/config [none]
[debug] [2022-12-21T13:20:39.306Z] <<< [apiv2][status] GET https://firebase.googleapis.com/v1beta1/projects/base-81589/webApps/1:776307597022:web:3481920f36972e78d8ac4f/config 200
[debug] [2022-12-21T13:20:39.307Z] <<< [apiv2][body] GET https://firebase.googleapis.com/v1beta1/projects/base-81589/webApps/1:776307597022:web:3481920f36972e78d8ac4f/config {"projectId":"base-81589","appId":"1:776307597022:web:3481920f36972e78d8ac4f","storageBucket":"base-81589.appspot.com","apiKey":"AIzaSyCzcM6jCjvhJCAInGYzLFGuul9PK7oT9JA","authDomain":"base-81589.firebaseapp.com","messagingSenderId":"776307597022","measurementId":"G-5L1N1JNQDN"}
[debug] [2022-12-21T13:20:39.403Z] >>> [apiv2][query] GET https://firebase.googleapis.com/v1beta1/projects/base-81589 [none]
[debug] [2022-12-21T13:20:39.740Z] <<< [apiv2][status] GET https://firebase.googleapis.com/v1beta1/projects/base-81589 200
[debug] [2022-12-21T13:20:39.740Z] <<< [apiv2][body] GET https://firebase.googleapis.com/v1beta1/projects/base-81589 {"projectId":"base-81589","projectNumber":"776307597022","displayName":"amazon-base","name":"projects/base-81589","resources":{"hostingSite":"base-81589"},"state":"ACTIVE","etag":"1_1664b052-18be-42e8-a8b3-d405b618a23b"}
[info] i  hosting[base-81589]: Serving hosting files from: build {"metadata":{"emulator":{"name":"hosting"},"message":"Serving hosting files from: \u001b[1mbuild\u001b[22m"}}
[info] +  hosting[base-81589]: Local server: http://127.0.0.1:5000 {"metadata":{"emulator":{"name":"hosting"},"message":"Local server: \u001b[4m\u001b[1mhttp://127.0.0.1:5000\u001b[22m\u001b[24m"}}
[info] i  ui: downloading ui-v1.11.1.zip... {"metadata":{"emulator":{"name":"ui"},"message":"downloading ui-v1.11.1.zip..."}}
[debug] [2022-12-21T13:20:40.190Z] >>> [apiv2][query] GET https://storage.googleapis.com/firebase-preview-drop/emulator/ui-v1.11.1.zip 
[debug] [2022-12-21T13:20:40.812Z] <<< [apiv2][status] GET https://storage.googleapis.com/firebase-preview-drop/emulator/ui-v1.11.1.zip 200
[debug] [2022-12-21T13:20:40.812Z] <<< [apiv2][body] GET https://storage.googleapis.com/firebase-preview-drop/emulator/ui-v1.11.1.zip [stream]
[debug] [2022-12-21T13:20:52.374Z] Ignoring unsupported arg: auto_download {"metadata":{"emulator":{"name":"ui"},"message":"Ignoring unsupported arg: auto_download"}}
[debug] [2022-12-21T13:20:52.375Z] Ignoring unsupported arg: port {"metadata":{"emulator":{"name":"ui"},"message":"Ignoring unsupported arg: port"}}
[debug] [2022-12-21T13:20:52.375Z] Starting Emulator UI with command {"binary":"node","args":["C:\\Users\\USER\\.cache\\firebase\\emulators\\ui-v1.11.1\\server\\server.js"],"optionalArgs":[],"joinArgs":false} {"metadata":{"emulator":{"name":"ui"},"message":"Starting Emulator UI with command {\"binary\":\"node\",\"args\":[\"C:\\\\Users\\\\USER\\\\.cache\\\\firebase\\\\emulators\\\\ui-v1.11.1\\\\server\\\\server.js\"],\"optionalArgs\":[],\"joinArgs\":false}"}}
[info] i  ui: Emulator UI logging to ui-debug.log {"metadata":{"emulator":{"name":"ui"},"message":"Emulator UI logging to \u001b[1mui-debug.log\u001b[22m"}}
[debug] [2022-12-21T13:20:54.114Z] Web / API server started at 127.0.0.1:4000
 {"metadata":{"emulator":{"name":"ui"},"message":"Web / API server started at 127.0.0.1:4000\n"}}
[debug] [2022-12-21T13:20:54.115Z] Web / API server started at ::1:4000
 {"metadata":{"emulator":{"name":"ui"},"message":"Web / API server started at ::1:4000\n"}}
[info] i  functions: Watching "C:\Users\USER\AMAZON-REACT-PROJECT\amazon-clone\functions" for Cloud Functions... {"metadata":{"emulator":{"name":"functions"},"message":"Watching \"C:\\Users\\USER\\AMAZON-REACT-PROJECT\\amazon-clone\\functions\" for Cloud Functions..."}}
[debug] [2022-12-21T13:20:54.178Z] Validating nodejs source
[warn] !  functions: package.json indicates an outdated version of firebase-functions. Please upgrade using npm install --save firebase-functions@latest in your functions directory. 
[warn] !  functions: Please note that there will be breaking changes when you upgrade. 
[debug] [2022-12-21T13:22:07.659Z] > [functions] package.json contents: {
  "name": "functions",
  "description": "Cloud Functions for Firebase",
  "scripts": {
    "lint": "eslint .",
    "serve": "firebase emulators:start --only functions",
    "shell": "firebase functions:shell",
    "start": "npm run shell",
    "deploy": "firebase deploy --only functions",
    "logs": "firebase functions:log"
  },
  "engines": {
    "node": "16"
  },
  "main": "index.js",
  "dependencies": {
    "cors": "^2.8.5",
    "express": "^4.18.2",
    "firebase-admin": "^10.0.2",
    "firebase-functions": "^3.18.0",
    "stripe": "^11.4.0"
  },
  "devDependencies": {
    "eslint": "^8.9.0",
    "eslint-config-google": "^0.14.0",
    "firebase-functions-test": "^0.2.0"
  },
  "private": true
}
[debug] [2022-12-21T13:22:07.660Z] Building nodejs source
[debug] [2022-12-21T13:22:07.661Z] Analyzing nodejs backend spec
[debug] [2022-12-21T13:22:07.667Z] Could not find functions.yaml. Must use http discovery
[debug] [2022-12-21T13:22:27.121Z] Serving at port 9005

[debug] [2022-12-21T13:22:30.971Z] Got response from /__/functions.yaml {"endpoints":{"api":{"platform":"gcfv1","httpsTrigger":{},"entryPoint":"api"}},"specVersion":"v1alpha1","requiredAPIs":[]}
[debug] [2022-12-21T13:22:31.014Z] shutdown requested via /__/quitquitquit

[info] +  functions: Loaded functions definitions from source: api. {"metadata":{"emulator":{"name":"functions"},"message":"Loaded functions definitions from source: api."}}
[info] +  functions[us-central1-api]: http function initialized (http://127.0.0.1:4001/base-81589/us-central1/api). {"metadata":{"emulator":{"name":"functions"},"message":"\u001b[1mhttp\u001b[22m function initialized (http://127.0.0.1:4001/base-81589/us-central1/api)."}}
[info] 
┌─────────────────────────────────────────────────────────────┐
│ ✔  All emulators ready! It is now safe to connect your app. │
│ i  View Emulator UI at http://127.0.0.1:4000/               │
└─────────────────────────────────────────────────────────────┘

┌───────────┬────────────────┬─────────────────────────────────┐
│ Emulator  │ Host:Port      │ View in Emulator UI             │
├───────────┼────────────────┼─────────────────────────────────┤
│ Functions │ 127.0.0.1:4001 │ http://127.0.0.1:4000/functions │
├───────────┼────────────────┼─────────────────────────────────┤
│ Hosting   │ 127.0.0.1:5000 │ n/a                             │
└───────────┴────────────────┴─────────────────────────────────┘
  Emulator Hub running at 127.0.0.1:4400
  Other reserved ports: 4500

Issues? Report them at https://github.com/firebase/firebase-tools/issues and attach the *-debug.log files.
 
[debug] [2022-12-21T13:25:54.561Z] File C:\Users\USER\AMAZON-REACT-PROJECT\amazon-clone\functions\index.js changed, reloading triggers {"metadata":{"emulator":{"name":"functions"},"message":"File C:\\Users\\USER\\AMAZON-REACT-PROJECT\\amazon-clone\\functions\\index.js changed, reloading triggers"}}
[debug] [2022-12-21T13:25:55.594Z] Validating nodejs source
[warn] !  functions: package.json indicates an outdated version of firebase-functions. Please upgrade using npm install --save firebase-functions@latest in your functions directory. 
[warn] !  functions: Please note that there will be breaking changes when you upgrade. 
[debug] [2022-12-21T13:31:27.752Z] > [functions] package.json contents: {
  "name": "functions",
  "description": "Cloud Functions for Firebase",
  "scripts": {
    "lint": "eslint .",
    "serve": "firebase emulators:start --only functions",
    "shell": "firebase functions:shell",
    "start": "npm run shell",
    "deploy": "firebase deploy --only functions",
    "logs": "firebase functions:log"
  },
  "engines": {
    "node": "16"
  },
  "main": "index.js",
  "dependencies": {
    "cors": "^2.8.5",
    "express": "^4.18.2",
    "firebase-admin": "^10.0.2",
    "firebase-functions": "^3.18.0",
    "stripe": "^11.4.0"
  },
  "devDependencies": {
    "eslint": "^8.9.0",
    "eslint-config-google": "^0.14.0",
    "firebase-functions-test": "^0.2.0"
  },
  "private": true
}
[debug] [2022-12-21T13:31:27.754Z] Building nodejs source
[debug] [2022-12-21T13:31:27.755Z] Analyzing nodejs backend spec
[debug] [2022-12-21T13:31:28.231Z] Could not find functions.yaml. Must use http discovery
[debug] [2022-12-21T13:31:31.764Z] [work-queue] {"queueLength":1,"workRunningCount":0}
[debug] [2022-12-21T13:31:31.765Z] [work-queue] {"queueLength":0,"workRunningCount":1}
[debug] [2022-12-21T13:31:31.766Z] Accepted request GET /base-81589/us-central1/api --> us-central1-api
[debug] [2022-12-21T13:31:33.065Z] [functions] Runtime ready! Sending request! {"metadata":{"emulator":{"name":"functions"},"message":"[functions] Runtime ready! Sending request!"}}
[debug] [2022-12-21T13:31:33.088Z] [functions] Got req.url=/base-81589/us-central1/api, mapping to path=/ {"metadata":{"emulator":{"name":"functions"},"message":"[functions] Got req.url=/base-81589/us-central1/api, mapping to path=/"}}
[debug] [2022-12-21T13:31:34.138Z] [worker-pool] addWorker(us-central1-api) {"metadata":{"emulator":{"name":"functions"},"message":"[worker-pool] addWorker(us-central1-api)"}}
[debug] [2022-12-21T13:31:34.139Z] [worker-pool] Adding worker with key us-central1-api, total=1 {"metadata":{"emulator":{"name":"functions"},"message":"[worker-pool] Adding worker with key us-central1-api, total=1"}}
[debug] [2022-12-21T13:31:34.404Z] File C:\Users\USER\AMAZON-REACT-PROJECT\amazon-clone\functions\index.js changed, reloading triggers {"metadata":{"emulator":{"name":"functions"},"message":"File C:\\Users\\USER\\AMAZON-REACT-PROJECT\\amazon-clone\\functions\\index.js changed, reloading triggers"}}
[debug] [2022-12-21T13:31:35.409Z] Validating nodejs source
[warn] !  functions: package.json indicates an outdated version of firebase-functions. Please upgrade using npm install --save firebase-functions@latest in your functions directory. 
[warn] !  functions: Please note that there will be breaking changes when you upgrade. 
[debug] [2022-12-21T13:34:55.327Z] > [functions] package.json contents: {
  "name": "functions",
  "description": "Cloud Functions for Firebase",
  "scripts": {
    "lint": "eslint .",
    "serve": "firebase emulators:start --only functions",
    "shell": "firebase functions:shell",
    "start": "npm run shell",
    "deploy": "firebase deploy --only functions",
    "logs": "firebase functions:log"
  },
  "engines": {
    "node": "16"
  },
  "main": "index.js",
  "dependencies": {
    "cors": "^2.8.5",
    "express": "^4.18.2",
    "firebase-admin": "^10.0.2",
    "firebase-functions": "^3.18.0",
    "stripe": "^11.4.0"
  },
  "devDependencies": {
    "eslint": "^8.9.0",
    "eslint-config-google": "^0.14.0",
    "firebase-functions-test": "^0.2.0"
  },
  "private": true
}
[debug] [2022-12-21T13:34:55.329Z] Building nodejs source
[debug] [2022-12-21T13:34:55.329Z] Analyzing nodejs backend spec
[debug] FirebaseError: Failed to load function.
    at Timeout._onTimeout (C:\Users\USER\AppData\Roaming\npm\node_modules\firebase-tools\lib\emulator\functionsRuntimeWorker.js:159:24)
    at listOnTimeout (node:internal/timers:564:17)
    at process.processTimers (node:internal/timers:507:7) {"metadata":{"emulator":{"name":"functions"},"message":{"name":"FirebaseError","children":[],"exit":1,"message":"Failed to load function.","status":500}}}
[debug] [2022-12-21T13:34:56.050Z] [work-queue] {"queueLength":0,"workRunningCount":0}
[debug] [2022-12-21T13:34:56.052Z] Could not find functions.yaml. Must use http discovery
[debug] [2022-12-21T13:34:57.586Z] Serving at port 9005

[debug] [2022-12-21T13:35:02.217Z] Serving at port 9006

[debug] [2022-12-21T13:35:24.537Z] Got response from /__/functions.yaml {"endpoints":{"api":{"platform":"gcfv1","httpsTrigger":{},"entryPoint":"api"}},"specVersion":"v1alpha1","requiredAPIs":[]}
[debug] [2022-12-21T13:35:26.254Z] shutdown requested via /__/quitquitquit

[error] !!  functions: Failed to load function definition from source: FirebaseError: User code failed to load. Cannot determine backend specification {"metadata":{"emulator":{"name":"functions"},"message":"Failed to load function definition from source: FirebaseError: User code failed to load. Cannot determine backend specification"}}
[debug] [2022-12-21T13:35:26.424Z] shutdown requested via /__/quitquitquit

[info] +  functions: Loaded functions definitions from source: api. {"metadata":{"emulator":{"name":"functions"},"message":"Loaded functions definitions from source: api."}}
[debug] [2022-12-21T13:35:41.645Z] [runtime-status] [11456] Resolved module firebase-admin {"declared":true,"installed":true,"version":"10.3.0","resolution":"C:\\Users\\USER\\AMAZON-REACT-PROJECT\\amazon-clone\\functions\\node_modules\\firebase-admin\\lib\\index.js"} {"metadata":{"emulator":{"name":"functions"},"function":{"name":"us-central1-api"},"extension":{},"message":"[runtime-status] [11456] Resolved module firebase-admin {\"declared\":true,\"installed\":true,\"version\":\"10.3.0\",\"resolution\":\"C:\\\\Users\\\\USER\\\\AMAZON-REACT-PROJECT\\\\amazon-clone\\\\functions\\\\node_modules\\\\firebase-admin\\\\lib\\\\index.js\"}"}}
[debug] [2022-12-21T13:35:41.646Z] [runtime-status] [11456] Resolved module firebase-functions {"declared":true,"installed":true,"version":"3.24.1","resolution":"C:\\Users\\USER\\AMAZON-REACT-PROJECT\\amazon-clone\\functions\\node_modules\\firebase-functions\\lib\\index.js"} {"metadata":{"emulator":{"name":"functions"},"function":{"name":"us-central1-api"},"extension":{},"message":"[runtime-status] [11456] Resolved module firebase-functions {\"declared\":true,\"installed\":true,\"version\":\"3.24.1\",\"resolution\":\"C:\\\\Users\\\\USER\\\\AMAZON-REACT-PROJECT\\\\amazon-clone\\\\functions\\\\node_modules\\\\firebase-functions\\\\lib\\\\index.js\"}"}}
[debug] [2022-12-21T13:35:41.647Z] [runtime-status] [11456] Outgoing network have been stubbed. [{"name":"http","status":"mocked"},{"name":"http","status":"mocked"},{"name":"https","status":"mocked"},{"name":"https","status":"mocked"},{"name":"net","status":"mocked"}] {"metadata":{"emulator":{"name":"functions"},"function":{"name":"us-central1-api"},"extension":{},"message":"[runtime-status] [11456] Outgoing network have been stubbed. [{\"name\":\"http\",\"status\":\"mocked\"},{\"name\":\"http\",\"status\":\"mocked\"},{\"name\":\"https\",\"status\":\"mocked\"},{\"name\":\"https\",\"status\":\"mocked\"},{\"name\":\"net\",\"status\":\"mocked\"}]"}}
[debug] [2022-12-21T13:35:41.648Z] [runtime-status] [11456] Resolved module firebase-functions {"declared":true,"installed":true,"version":"3.24.1","resolution":"C:\\Users\\USER\\AMAZON-REACT-PROJECT\\amazon-clone\\functions\\node_modules\\firebase-functions\\lib\\index.js"} {"metadata":{"emulator":{"name":"functions"},"function":{"name":"us-central1-api"},"extension":{},"message":"[runtime-status] [11456] Resolved module firebase-functions {\"declared\":true,\"installed\":true,\"version\":\"3.24.1\",\"resolution\":\"C:\\\\Users\\\\USER\\\\AMAZON-REACT-PROJECT\\\\amazon-clone\\\\functions\\\\node_modules\\\\firebase-functions\\\\lib\\\\index.js\"}"}}
[debug] [2022-12-21T13:35:41.732Z] [runtime-status] [11456] Checked functions.config() {"config":{}} {"metadata":{"emulator":{"name":"functions"},"function":{"name":"us-central1-api"},"extension":{},"message":"[runtime-status] [11456] Checked functions.config() {\"config\":{}}"}}
[debug] [2022-12-21T13:35:41.739Z] [runtime-status] [11456] firebase-functions has been stubbed. {"functionsResolution":{"declared":true,"installed":true,"version":"3.24.1","resolution":"C:\\Users\\USER\\AMAZON-REACT-PROJECT\\amazon-clone\\functions\\node_modules\\firebase-functions\\lib\\index.js"}} {"metadata":{"emulator":{"name":"functions"},"function":{"name":"us-central1-api"},"extension":{},"message":"[runtime-status] [11456] firebase-functions has been stubbed. {\"functionsResolution\":{\"declared\":true,\"installed\":true,\"version\":\"3.24.1\",\"resolution\":\"C:\\\\Users\\\\USER\\\\AMAZON-REACT-PROJECT\\\\amazon-clone\\\\functions\\\\node_modules\\\\firebase-functions\\\\lib\\\\index.js\"}}"}}
[debug] [2022-12-21T13:35:41.743Z] [runtime-status] [11456] Resolved module firebase-functions {"declared":true,"installed":true,"version":"3.24.1","resolution":"C:\\Users\\USER\\AMAZON-REACT-PROJECT\\amazon-clone\\functions\\node_modules\\firebase-functions\\lib\\index.js"} {"metadata":{"emulator":{"name":"functions"},"function":{"name":"us-central1-api"},"extension":{},"message":"[runtime-status] [11456] Resolved module firebase-functions {\"declared\":true,\"installed\":true,\"version\":\"3.24.1\",\"resolution\":\"C:\\\\Users\\\\USER\\\\AMAZON-REACT-PROJECT\\\\amazon-clone\\\\functions\\\\node_modules\\\\firebase-functions\\\\lib\\\\index.js\"}"}}
[debug] [2022-12-21T13:35:41.751Z] [runtime-status] [11456] Resolved module firebase-admin {"declared":true,"installed":true,"version":"10.3.0","resolution":"C:\\Users\\USER\\AMAZON-REACT-PROJECT\\amazon-clone\\functions\\node_modules\\firebase-admin\\lib\\index.js"} {"metadata":{"emulator":{"name":"functions"},"function":{"name":"us-central1-api"},"extension":{},"message":"[runtime-status] [11456] Resolved module firebase-admin {\"declared\":true,\"installed\":true,\"version\":\"10.3.0\",\"resolution\":\"C:\\\\Users\\\\USER\\\\AMAZON-REACT-PROJECT\\\\amazon-clone\\\\functions\\\\node_modules\\\\firebase-admin\\\\lib\\\\index.js\"}"}}
[debug] [2022-12-21T13:35:41.761Z] [runtime-status] [11456] Resolved module firebase-functions {"declared":true,"installed":true,"version":"3.24.1","resolution":"C:\\Users\\USER\\AMAZON-REACT-PROJECT\\amazon-clone\\functions\\node_modules\\firebase-functions\\lib\\index.js"} {"metadata":{"emulator":{"name":"functions"},"function":{"name":"us-central1-api"},"extension":{},"message":"[runtime-status] [11456] Resolved module firebase-functions {\"declared\":true,\"installed\":true,\"version\":\"3.24.1\",\"resolution\":\"C:\\\\Users\\\\USER\\\\AMAZON-REACT-PROJECT\\\\amazon-clone\\\\functions\\\\node_modules\\\\firebase-functions\\\\lib\\\\index.js\"}"}}
[debug] [2022-12-21T13:35:41.764Z] [runtime-status] [11456] firebase-admin has been stubbed. {"adminResolution":{"declared":true,"installed":true,"version":"10.3.0","resolution":"C:\\Users\\USER\\AMAZON-REACT-PROJECT\\amazon-clone\\functions\\node_modules\\firebase-admin\\lib\\index.js"}} {"metadata":{"emulator":{"name":"functions"},"function":{"name":"us-central1-api"},"extension":{},"message":"[runtime-status] [11456] firebase-admin has been stubbed. {\"adminResolution\":{\"declared\":true,\"installed\":true,\"version\":\"10.3.0\",\"resolution\":\"C:\\\\Users\\\\USER\\\\AMAZON-REACT-PROJECT\\\\amazon-clone\\\\functions\\\\node_modules\\\\firebase-admin\\\\lib\\\\index.js\"}}"}}
[debug] [2022-12-21T13:35:42.761Z] [runtime-status] [11456] Functions runtime initialized. {"cwd":"C:\\Users\\USER\\AMAZON-REACT-PROJECT\\amazon-clone\\functions","node_version":"19.1.0"} {"metadata":{"emulator":{"name":"functions"},"function":{"name":"us-central1-api"},"extension":{},"message":"[runtime-status] [11456] Functions runtime initialized. {\"cwd\":\"C:\\\\Users\\\\USER\\\\AMAZON-REACT-PROJECT\\\\amazon-clone\\\\functions\",\"node_version\":\"19.1.0\"}"}}
[debug] [2022-12-21T13:35:42.762Z] [runtime-status] [11456] Listening to port: \\?\pipe\fire_emu_e628655612f2a48e {"metadata":{"emulator":{"name":"functions"},"function":{"name":"us-central1-api"},"extension":{},"message":"[runtime-status] [11456] Listening to port: \\\\?\\pipe\\fire_emu_e628655612f2a48e"}}
[debug] [2022-12-21T13:36:26.919Z] File C:\Users\USER\AMAZON-REACT-PROJECT\amazon-clone\functions\index.js changed, reloading triggers {"metadata":{"emulator":{"name":"functions"},"message":"File C:\\Users\\USER\\AMAZON-REACT-PROJECT\\amazon-clone\\functions\\index.js changed, reloading triggers"}}
[debug] [2022-12-21T13:36:28.008Z] Validating nodejs source
[warn] !  functions: package.json indicates an outdated version of firebase-functions. Please upgrade using npm install --save firebase-functions@latest in your functions directory. 
[warn] !  functions: Please note that there will be breaking changes when you upgrade. 
[debug] [2022-12-21T13:39:12.184Z] > [functions] package.json contents: {
  "name": "functions",
  "description": "Cloud Functions for Firebase",
  "scripts": {
    "lint": "eslint .",
    "serve": "firebase emulators:start --only functions",
    "shell": "firebase functions:shell",
    "start": "npm run shell",
    "deploy": "firebase deploy --only functions",
    "logs": "firebase functions:log"
  },
  "engines": {
    "node": "16"
  },
  "main": "index.js",
  "dependencies": {
    "cors": "^2.8.5",
    "express": "^4.18.2",
    "firebase-admin": "^10.0.2",
    "firebase-functions": "^3.18.0",
    "stripe": "^11.4.0"
  },
  "devDependencies": {
    "eslint": "^8.9.0",
    "eslint-config-google": "^0.14.0",
    "firebase-functions-test": "^0.2.0"
  },
  "private": true
}
[debug] [2022-12-21T13:39:12.212Z] Building nodejs source
[debug] [2022-12-21T13:39:12.213Z] Analyzing nodejs backend spec
[debug] [2022-12-21T13:39:12.237Z] Could not find functions.yaml. Must use http discovery
[debug] [2022-12-21T13:39:12.462Z] File C:\Users\USER\AMAZON-REACT-PROJECT\amazon-clone\functions\index.js changed, reloading triggers {"metadata":{"emulator":{"name":"functions"},"message":"File C:\\Users\\USER\\AMAZON-REACT-PROJECT\\amazon-clone\\functions\\index.js changed, reloading triggers"}}
[debug] [2022-12-21T13:39:13.501Z] Validating nodejs source
[warn] !  functions: package.json indicates an outdated version of firebase-functions. Please upgrade using npm install --save firebase-functions@latest in your functions directory. 
[warn] !  functions: Please note that there will be breaking changes when you upgrade. 
[debug] [2022-12-21T13:41:55.447Z] > [functions] package.json contents: {
  "name": "functions",
  "description": "Cloud Functions for Firebase",
  "scripts": {
    "lint": "eslint .",
    "serve": "firebase emulators:start --only functions",
    "shell": "firebase functions:shell",
    "start": "npm run shell",
    "deploy": "firebase deploy --only functions",
    "logs": "firebase functions:log"
  },
  "engines": {
    "node": "16"
  },
  "main": "index.js",
  "dependencies": {
    "cors": "^2.8.5",
    "express": "^4.18.2",
    "firebase-admin": "^10.0.2",
    "firebase-functions": "^3.18.0",
    "stripe": "^11.4.0"
  },
  "devDependencies": {
    "eslint": "^8.9.0",
    "eslint-config-google": "^0.14.0",
    "firebase-functions-test": "^0.2.0"
  },
  "private": true
}
[debug] [2022-12-21T13:41:55.448Z] Building nodejs source
[debug] [2022-12-21T13:41:55.448Z] Analyzing nodejs backend spec
[debug] [2022-12-21T13:41:55.453Z] Could not find functions.yaml. Must use http discovery
[debug] [2022-12-21T13:41:55.768Z] Serving at port 9005

[debug] [2022-12-21T13:42:02.020Z] shutdown requested via /__/quitquitquit

[error] !!  functions: Failed to load function definition from source: FirebaseError: User code failed to load. Cannot determine backend specification {"metadata":{"emulator":{"name":"functions"},"message":"Failed to load function definition from source: FirebaseError: User code failed to load. Cannot determine backend specification"}}
[debug] [2022-12-21T13:42:13.827Z] Serving at port 9006

[debug] [2022-12-21T13:42:14.781Z] Got response from /__/functions.yaml {"endpoints":{"api":{"platform":"gcfv1","httpsTrigger":{},"entryPoint":"api"}},"specVersion":"v1alpha1","requiredAPIs":[]}
[debug] [2022-12-21T13:42:14.823Z] shutdown requested via /__/quitquitquit

[info] +  functions: Loaded functions definitions from source: api. {"metadata":{"emulator":{"name":"functions"},"message":"Loaded functions definitions from source: api."}}
